[debug] [2021-04-03T07:36:29.884Z] ----------------------------------------------------------------------
[debug] [2021-04-03T07:36:29.889Z] Command:       /Users/tagawashouta/.nodebrew/node/v12.13.0/bin/node /Users/tagawashouta/workspace/myapps/freeMaterials/node_modules/.bin/firebase deploy --only functions,hosting
[debug] [2021-04-03T07:36:29.889Z] CLI Version:   9.8.0
[debug] [2021-04-03T07:36:29.889Z] Platform:      darwin
[debug] [2021-04-03T07:36:29.889Z] Node Version:  v12.13.0
[debug] [2021-04-03T07:36:29.891Z] Time:          Sat Apr 03 2021 16:36:29 GMT+0900 (GMT+09:00)
[debug] [2021-04-03T07:36:29.892Z] ----------------------------------------------------------------------
[debug] 
[debug] [2021-04-03T07:36:29.913Z] > command requires scopes: ["email","openid","https://www.googleapis.com/auth/cloudplatformprojects.readonly","https://www.googleapis.com/auth/firebase","https://www.googleapis.com/auth/cloud-platform"]
[debug] [2021-04-03T07:36:29.914Z] > authorizing via signed-in user
[debug] [2021-04-03T07:36:29.914Z] [iam] checking project free-materials-ab26d for permissions ["cloudfunctions.functions.create","cloudfunctions.functions.delete","cloudfunctions.functions.get","cloudfunctions.functions.list","cloudfunctions.functions.update","cloudfunctions.operations.get","firebase.projects.get","firebasehosting.sites.update"]
[debug] [2021-04-03T07:36:29.918Z] > refreshing access token with scopes: ["email","https://www.googleapis.com/auth/cloud-platform","https://www.googleapis.com/auth/cloudplatformprojects.readonly","https://www.googleapis.com/auth/firebase","openid"]
[debug] [2021-04-03T07:36:29.919Z] >>> HTTP REQUEST POST https://www.googleapis.com/oauth2/v3/token  
 <request body omitted>
[debug] [2021-04-03T07:36:30.189Z] <<< HTTP RESPONSE 200 {"date":"Sat, 03 Apr 2021 07:36:30 GMT","pragma":"no-cache","expires":"Mon, 01 Jan 1990 00:00:00 GMT","cache-control":"no-cache, no-store, max-age=0, must-revalidate","content-type":"application/json; charset=utf-8","vary":"X-Origin, Referer, Origin,Accept-Encoding","server":"scaffolding on HTTPServer2","x-xss-protection":"0","x-frame-options":"SAMEORIGIN","x-content-type-options":"nosniff","alt-svc":"h3-29=\":443\"; ma=2592000,h3-T051=\":443\"; ma=2592000,h3-Q050=\":443\"; ma=2592000,h3-Q046=\":443\"; ma=2592000,h3-Q043=\":443\"; ma=2592000,quic=\":443\"; ma=2592000; v=\"46,43\"","accept-ranges":"none","transfer-encoding":"chunked"}
[debug] [2021-04-03T07:36:30.220Z] >>> HTTP REQUEST POST https://cloudresourcemanager.googleapis.com/v1/projects/free-materials-ab26d:testIamPermissions  
 {"permissions":["cloudfunctions.functions.create","cloudfunctions.functions.delete","cloudfunctions.functions.get","cloudfunctions.functions.list","cloudfunctions.functions.update","cloudfunctions.operations.get","firebase.projects.get","firebasehosting.sites.update"]}
[debug] [2021-04-03T07:36:30.998Z] <<< HTTP RESPONSE 200 {"content-type":"application/json; charset=UTF-8","vary":"X-Origin, Referer, Origin,Accept-Encoding","date":"Sat, 03 Apr 2021 07:36:30 GMT","server":"ESF","cache-control":"private","x-xss-protection":"0","x-frame-options":"SAMEORIGIN","x-content-type-options":"nosniff","server-timing":"gfet4t7; dur=596","alt-svc":"h3-29=\":443\"; ma=2592000,h3-T051=\":443\"; ma=2592000,h3-Q050=\":443\"; ma=2592000,h3-Q046=\":443\"; ma=2592000,h3-Q043=\":443\"; ma=2592000,quic=\":443\"; ma=2592000; v=\"46,43\"","accept-ranges":"none","transfer-encoding":"chunked"}
[debug] [2021-04-03T07:36:31.000Z] >>> HTTP REQUEST POST https://iam.googleapis.com/v1/projects/free-materials-ab26d/serviceAccounts/free-materials-ab26d@appspot.gserviceaccount.com:testIamPermissions  
 {"permissions":["iam.serviceAccounts.actAs"]}
[debug] [2021-04-03T07:36:31.998Z] <<< HTTP RESPONSE 200 {"content-type":"application/json; charset=UTF-8","vary":"X-Origin, Referer, Origin,Accept-Encoding","date":"Sat, 03 Apr 2021 07:36:31 GMT","server":"ESF","cache-control":"private","x-xss-protection":"0","x-frame-options":"SAMEORIGIN","x-content-type-options":"nosniff","alt-svc":"h3-29=\":443\"; ma=2592000,h3-T051=\":443\"; ma=2592000,h3-Q050=\":443\"; ma=2592000,h3-Q046=\":443\"; ma=2592000,h3-Q043=\":443\"; ma=2592000,quic=\":443\"; ma=2592000; v=\"46,43\"","accept-ranges":"none","transfer-encoding":"chunked"}
[debug] [2021-04-03T07:36:32.001Z] > refreshing access token with scopes: []
[debug] [2021-04-03T07:36:32.002Z] >>> HTTP REQUEST POST https://www.googleapis.com/oauth2/v3/token  
 <request body omitted>
[debug] [2021-04-03T07:36:32.266Z] <<< HTTP RESPONSE 200 {"pragma":"no-cache","cache-control":"no-cache, no-store, max-age=0, must-revalidate","date":"Sat, 03 Apr 2021 07:36:32 GMT","expires":"Mon, 01 Jan 1990 00:00:00 GMT","content-type":"application/json; charset=utf-8","vary":"X-Origin, Referer, Origin,Accept-Encoding","server":"scaffolding on HTTPServer2","x-xss-protection":"0","x-frame-options":"SAMEORIGIN","x-content-type-options":"nosniff","alt-svc":"h3-29=\":443\"; ma=2592000,h3-T051=\":443\"; ma=2592000,h3-Q050=\":443\"; ma=2592000,h3-Q046=\":443\"; ma=2592000,h3-Q043=\":443\"; ma=2592000,quic=\":443\"; ma=2592000; v=\"46,43\"","accept-ranges":"none","transfer-encoding":"chunked"}
[debug] [2021-04-03T07:36:32.297Z] >>> [apiv2][query] GET https://firebase.googleapis.com/v1beta1/projects/free-materials-ab26d [none]
[debug] [2021-04-03T07:36:33.078Z] <<< [apiv2][status] GET https://firebase.googleapis.com/v1beta1/projects/free-materials-ab26d 200
[debug] [2021-04-03T07:36:33.078Z] <<< [apiv2][body] GET https://firebase.googleapis.com/v1beta1/projects/free-materials-ab26d {"projectId":"free-materials-ab26d","projectNumber":"333656197143","displayName":"free-materials","name":"projects/free-materials-ab26d","resources":{"hostingSite":"free-materials-ab26d","storageBucket":"free-materials-ab26d.appspot.com","locationId":"asia-northeast1"},"state":"ACTIVE"}
[info] 
[info] === Deploying to 'free-materials-ab26d'...
[info] 
[info] i  deploying functions, hosting 
[info] Running command: npm --prefix "$PROJECT_DIR" install
[debug] [2021-04-03T08:47:18.895Z] ----------------------------------------------------------------------
[debug] [2021-04-03T08:47:18.898Z] Command:       /Users/tagawashouta/.nodebrew/node/v12.13.0/bin/node /Users/tagawashouta/workspace/myapps/freeMaterials/node_modules/.bin/firebase deploy --only functions,hosting
[debug] [2021-04-03T08:47:18.899Z] CLI Version:   9.8.0
[debug] [2021-04-03T08:47:18.899Z] Platform:      darwin
[debug] [2021-04-03T08:47:18.899Z] Node Version:  v12.13.0
[debug] [2021-04-03T08:47:18.901Z] Time:          Sat Apr 03 2021 17:47:18 GMT+0900 (GMT+09:00)
[debug] [2021-04-03T08:47:18.901Z] ----------------------------------------------------------------------
[debug] 
[debug] [2021-04-03T08:47:18.920Z] > command requires scopes: ["email","openid","https://www.googleapis.com/auth/cloudplatformprojects.readonly","https://www.googleapis.com/auth/firebase","https://www.googleapis.com/auth/cloud-platform"]
[debug] [2021-04-03T08:47:18.921Z] > authorizing via signed-in user
[debug] [2021-04-03T08:47:18.921Z] [iam] checking project free-materials-ab26d for permissions ["cloudfunctions.functions.create","cloudfunctions.functions.delete","cloudfunctions.functions.get","cloudfunctions.functions.list","cloudfunctions.functions.update","cloudfunctions.operations.get","firebase.projects.get","firebasehosting.sites.update"]
[debug] [2021-04-03T08:47:18.924Z] > refreshing access token with scopes: ["email","https://www.googleapis.com/auth/cloud-platform","https://www.googleapis.com/auth/cloudplatformprojects.readonly","https://www.googleapis.com/auth/firebase","openid"]
[debug] [2021-04-03T08:47:18.925Z] >>> HTTP REQUEST POST https://www.googleapis.com/oauth2/v3/token  
 <request body omitted>
[debug] [2021-04-03T08:47:19.243Z] <<< HTTP RESPONSE 200 {"cache-control":"no-cache, no-store, max-age=0, must-revalidate","date":"Sat, 03 Apr 2021 08:47:19 GMT","pragma":"no-cache","expires":"Mon, 01 Jan 1990 00:00:00 GMT","content-type":"application/json; charset=utf-8","vary":"X-Origin, Referer, Origin,Accept-Encoding","server":"scaffolding on HTTPServer2","x-xss-protection":"0","x-frame-options":"SAMEORIGIN","x-content-type-options":"nosniff","alt-svc":"h3-29=\":443\"; ma=2592000,h3-T051=\":443\"; ma=2592000,h3-Q050=\":443\"; ma=2592000,h3-Q046=\":443\"; ma=2592000,h3-Q043=\":443\"; ma=2592000,quic=\":443\"; ma=2592000; v=\"46,43\"","accept-ranges":"none","transfer-encoding":"chunked"}
[debug] [2021-04-03T08:47:19.278Z] >>> HTTP REQUEST POST https://cloudresourcemanager.googleapis.com/v1/projects/free-materials-ab26d:testIamPermissions  
 {"permissions":["cloudfunctions.functions.create","cloudfunctions.functions.delete","cloudfunctions.functions.get","cloudfunctions.functions.list","cloudfunctions.functions.update","cloudfunctions.operations.get","firebase.projects.get","firebasehosting.sites.update"]}
[debug] [2021-04-03T08:47:20.099Z] <<< HTTP RESPONSE 200 {"content-type":"application/json; charset=UTF-8","vary":"X-Origin, Referer, Origin,Accept-Encoding","date":"Sat, 03 Apr 2021 08:47:20 GMT","server":"ESF","cache-control":"private","x-xss-protection":"0","x-frame-options":"SAMEORIGIN","x-content-type-options":"nosniff","server-timing":"gfet4t7; dur=628","alt-svc":"h3-29=\":443\"; ma=2592000,h3-T051=\":443\"; ma=2592000,h3-Q050=\":443\"; ma=2592000,h3-Q046=\":443\"; ma=2592000,h3-Q043=\":443\"; ma=2592000,quic=\":443\"; ma=2592000; v=\"46,43\"","accept-ranges":"none","transfer-encoding":"chunked"}
[debug] [2021-04-03T08:47:20.101Z] >>> HTTP REQUEST POST https://iam.googleapis.com/v1/projects/free-materials-ab26d/serviceAccounts/free-materials-ab26d@appspot.gserviceaccount.com:testIamPermissions  
 {"permissions":["iam.serviceAccounts.actAs"]}
[debug] [2021-04-03T08:47:21.111Z] <<< HTTP RESPONSE 200 {"content-type":"application/json; charset=UTF-8","vary":"X-Origin, Referer, Origin,Accept-Encoding","date":"Sat, 03 Apr 2021 08:47:21 GMT","server":"ESF","cache-control":"private","x-xss-protection":"0","x-frame-options":"SAMEORIGIN","x-content-type-options":"nosniff","alt-svc":"h3-29=\":443\"; ma=2592000,h3-T051=\":443\"; ma=2592000,h3-Q050=\":443\"; ma=2592000,h3-Q046=\":443\"; ma=2592000,h3-Q043=\":443\"; ma=2592000,quic=\":443\"; ma=2592000; v=\"46,43\"","accept-ranges":"none","transfer-encoding":"chunked"}
[debug] [2021-04-03T08:47:21.115Z] > refreshing access token with scopes: []
[debug] [2021-04-03T08:47:21.115Z] >>> HTTP REQUEST POST https://www.googleapis.com/oauth2/v3/token  
 <request body omitted>
[debug] [2021-04-03T08:47:21.429Z] <<< HTTP RESPONSE 200 {"cache-control":"no-cache, no-store, max-age=0, must-revalidate","date":"Sat, 03 Apr 2021 08:47:21 GMT","pragma":"no-cache","expires":"Mon, 01 Jan 1990 00:00:00 GMT","content-type":"application/json; charset=utf-8","vary":"X-Origin, Referer, Origin,Accept-Encoding","server":"scaffolding on HTTPServer2","x-xss-protection":"0","x-frame-options":"SAMEORIGIN","x-content-type-options":"nosniff","alt-svc":"h3-29=\":443\"; ma=2592000,h3-T051=\":443\"; ma=2592000,h3-Q050=\":443\"; ma=2592000,h3-Q046=\":443\"; ma=2592000,h3-Q043=\":443\"; ma=2592000,quic=\":443\"; ma=2592000; v=\"46,43\"","accept-ranges":"none","transfer-encoding":"chunked"}
[debug] [2021-04-03T08:47:21.463Z] >>> [apiv2][query] GET https://firebase.googleapis.com/v1beta1/projects/free-materials-ab26d [none]
[debug] [2021-04-03T08:47:22.038Z] <<< [apiv2][status] GET https://firebase.googleapis.com/v1beta1/projects/free-materials-ab26d 200
